<?xml version="1.0" encoding="UTF-8"?>
<!-- Generated by org.testng.reporters.JUnitReportReporter -->
<testsuite hostname="MyWin" failures="0" tests="1" name="tests.HomePageTest" time="7.670" errors="0" timestamp="2025-02-10T19:30:02 EST" skipped="0">
  <testcase classname="tests.HomePageTest" name="registerLinkTest" time="7.670"/>
</testsuite> <!-- tests.HomePageTest -->
